F:\PROJECT\SOBEL\DEBUG\SOBEL.EXE
F:\PROJECT\SOBEL\DEBUG\SOBEL.ILK
F:\PROJECT\SOBEL\DEBUG\SOBEL.PDB
F:\Project\sobel\sobel\Debug\cl.command.1.tlog
F:\Project\sobel\sobel\Debug\CL.read.1.tlog
F:\Project\sobel\sobel\Debug\CL.write.1.tlog
F:\PROJECT\SOBEL\SOBEL\DEBUG\CPPSOBEL.OBJ
F:\Project\sobel\sobel\Debug\link.8264.read.1.tlog
F:\Project\sobel\sobel\Debug\link.8264.write.1.tlog
F:\Project\sobel\sobel\Debug\link.8264-cvtres.read.1.tlog
F:\Project\sobel\sobel\Debug\link.8264-cvtres.write.1.tlog
F:\Project\sobel\sobel\Debug\link.command.1.tlog
F:\Project\sobel\sobel\Debug\link.read.1.tlog
F:\Project\sobel\sobel\Debug\link.write.1.tlog
F:\Project\sobel\sobel\Debug\link-cvtres.read.1.tlog
F:\Project\sobel\sobel\Debug\link-cvtres.write.1.tlog
F:\Project\sobel\sobel\Debug\mt.command.1.tlog
F:\Project\sobel\sobel\Debug\mt.read.1.tlog
F:\Project\sobel\sobel\Debug\mt.write.1.tlog
F:\Project\sobel\sobel\Debug\rc.command.1.tlog
F:\Project\sobel\sobel\Debug\rc.read.1.tlog
F:\Project\sobel\sobel\Debug\rc.write.1.tlog
F:\PROJECT\SOBEL\SOBEL\DEBUG\SOBEL.EXE.EMBED.MANIFEST
F:\PROJECT\SOBEL\SOBEL\DEBUG\SOBEL.EXE.EMBED.MANIFEST.RES
F:\PROJECT\SOBEL\SOBEL\DEBUG\SOBEL.EXE.INTERMEDIATE.MANIFEST
F:\Project\sobel\sobel\Debug\sobel.vcxprojResolveAssemblyReference.cache
F:\Project\sobel\sobel\Debug\sobel.write.1.tlog
F:\Project\sobel\sobel\Debug\sobel_manifest.rc
F:\Project\sobel\sobel\Debug\vc100.idb
F:\PROJECT\SOBEL\SOBEL\DEBUG\VC100.PDB
